[09/29 19:30:01] Zug Zug (Baali) ressou Uhhhhsabedo (balijogador): Eu quero 
[09/29 19:30:01] Detalhes... Morto: Nao... DeathPoints: 30... Assassinado: Nao
[10/05 20:07:24] Manitasmoditus (Baali) ressou Alquimistateste (balijogador): Bruh 
[10/05 20:07:24] Detalhes... Morto: Nao... DeathPoints: 30... Assassinado: Nao
[10/08 21:14:15] Manitasmoditus (Baali) ressou Testao (teste): wewe 
[10/08 21:14:15] Detalhes... Morto: Nao... DeathPoints: 30... Assassinado: Nao
[02/05 22:04:34] Feiticeiro (Baali) ressou hurdur (balijogador): mu 
[02/05 22:04:34] Detalhes... Morto: Nao... DeathPoints: 30... Assassinado: Nao
[02/05 22:17:22] Feiticeiro (Baali) ressou hurdur (balijogador): as 
[02/05 22:17:22] Detalhes... Morto: Nao... DeathPoints: 30... Assassinado: Nao
[02/05 22:17:44] Feiticeiro (Baali) ressou hurdur (balijogador): as 
[02/05 22:17:44] Detalhes... Morto: Nao... DeathPoints: 20... Assassinado: Nao
[02/05 22:17:59] Feiticeiro (Baali) ressou hurdur (balijogador): sada 
[02/05 22:17:59] Detalhes... Morto: Nao... DeathPoints: 10.01... Assassinado: Nao
[02/05 22:18:45] Feiticeiro (Baali) ressou hurdur (balijogador): asda 
[02/05 22:18:45] Detalhes... Morto: Sim... DeathPoints: 0.01... Assassinado: Nao
[02/05 22:19:20] Feiticeiro (Baali) ressou hurdur (balijogador): eu quero 
[02/05 22:19:20] Detalhes... Morto: Sim... DeathPoints: 0.02... Assassinado: Nao
[02/09 20:08:10] Paladrozem (Baali) ressou Azarado (balijogador): hahaha 
[02/09 20:08:10] Detalhes... Morto: Nao... DeathPoints: 12.01... Assassinado: Nao
[02/10 19:40:05] Paladrozem (Baali) ressou Azarado (balijogador): sofremais 
[02/10 19:40:05] Detalhes... Morto: Sim... DeathPoints: 2... Assassinado: Nao
[02/10 19:42:47] Paladrozem (Baali) ressou Azarado (balijogador): asdasdasda 
[02/10 19:42:47] Detalhes... Morto: Sim... DeathPoints: 2... Assassinado: Nao
[02/10 19:53:37] Paladrozem (Baali) ressou Azarado (balijogador): cascasas 
[02/10 19:53:37] Detalhes... Morto: Sim... DeathPoints: 2... Assassinado: Nao
[02/10 20:18:52] Paladrozem (Baali) ressou Azarado (balijogador): asdasd 
[02/10 20:18:52] Detalhes... Morto: Sim... DeathPoints: 2... Assassinado: Nao
