[09/21 21:12:28] Dandanilo (Dandanilo) editou Dandanilo (Dandanilo) :: Stamina de 15 para 100
[09/21 21:12:35] Dandanilo (Dandanilo) editou Dandanilo (Dandanilo) :: Stamina de 15 para 100
[09/21 21:12:39] Dandanilo (Dandanilo) editou Dandanilo (Dandanilo) :: Stamina de 15 para 90
[09/21 21:12:42] Dandanilo (Dandanilo) editou Dandanilo (Dandanilo) :: Stamina de 15 para 15
[09/24 18:27:51] Zug Zug (Baali) editou Zug Zug (Baali) :: Mana de 100 para 1000
[09/24 18:27:58] Zug Zug (Baali) editou Zug Zug (Baali) :: Mana de 100 para 500
[09/30 18:51:29] Zug Zug (Baali) editou Zug Zug (Baali) :: Mana de 100 para 100 40
[09/30 18:52:45] Zug Zug (Baali) editou Zug Zug (Baali) :: Mana de 100 para 100 10
[09/30 18:52:55] Zug Zug (Baali) editou Zug Zug (Baali) :: Mana de 100 para 140
[09/30 18:53:05] Zug Zug (Baali) editou Zug Zug (Baali) :: Mana de 100 para 140
[09/30 19:05:54] Manitasmoditus (Baali) editou Manitasmoditus (Baali) :: Hunger de 300 para 0
[09/30 19:06:33] Manitasmoditus (Baali) editou Manitasmoditus (Baali) :: Hunger de 300 para -100
[10/08 16:29:27] Manitasmoditus (Baali) editou Dandanilo (Dandanilo) :: Hits de 245 para 60
[10/18 18:42:49] Adestreiro (Baali) editou Adestreiro (Baali) :: Hits de 135 para 1
[10/18 21:45:30] Desconhecido (Baali) editou Desconhecido (Baali) :: Stamina de 30 para 50
[10/18 22:08:42] Desconhecido (Baali) editou Desconhecido (Baali) :: Hits de 155 para 1
[10/21 02:20:20] Canibal Agressivasso (Baali) editou Mestre Ortguth (error{ errortext = "Not attached to an account" }) :: Hits de 150 para 1
[10/27 23:21:45] Charteste (Baali) editou Charteste (Baali) :: Hits de 135 para 200
[10/27 23:24:27] Dandanilo (Dandanilo) editou Dandanilo (Dandanilo) :: Hits de 185 para 400
[10/31 13:14:23] Edivaldo (Dandanilo) editou Edivaldo (Dandanilo) :: Hits de 225 para 10
[10/31 13:14:53] Nicolao (Baali) editou Edivaldo (Dandanilo) :: Hits de 64.75 para 0
[11/10 21:09:27] Charteste (Baali) editou Charteste (Baali) :: Hunger de 300 para 0
[11/10 21:09:50] Charteste (Baali) editou Charteste (Baali) :: SkillCap de 20 para 1
[11/11 12:52:00] Teste (Baali) editou Maguim (balijogador) :: SkillCap de 20 para 1
[11/11 12:53:10] Teste (Baali) editou Maguim (balijogador) :: SkillCap de 1 para 20
[11/11 13:21:32] Charteste (Baali) editou Guerrerim (balijogador) :: SkillCap de 14 para 20
[11/11 15:58:27] Putasso (Baali) editou Putasso (Baali) :: SkillCap de 14 para 20
[11/12 11:47:56] Charteste (Baali) editou Charteste (Baali) :: DP de 40 para 0
[11/12 12:55:14] Morto de Morte Matada (Baali) editou Morto de Morte Matada (Baali) :: DP de 40 para 0
[11/25 15:22:23] Mago Puto (Baali) editou Mago Puto (Baali) :: Mana de 100 para 1
[11/25 15:24:36] Mago Puto (Baali) editou Mago Puto (Baali) :: Mana de 100 para 1
[11/25 15:25:46] Mago Puto (Baali) editou Tiago (error{ errortext = "Not attached to an account" }) :: Hits de 120 para 5000
[11/25 15:26:22] Mago Puto (Baali) editou Tiago (error{ errortext = "Not attached to an account" }) :: Hits de 120 para 120 5000
[11/25 15:29:40] Mago Puto (Baali) editou Mago Puto (Baali) :: Mana de 100 para 1
[11/25 15:35:44] Mago Puto (Baali) editou Mago Puto (Baali) :: Mana de 100 para 1
[11/25 15:38:00] Mago Puto (Baali) editou Mago Puto (Baali) :: Mana de 100 para 10
[11/25 15:38:08] Mago Puto (Baali) editou Mago Puto (Baali) :: Mana de 10.83 para 1
[11/25 16:03:52] Mago Puto (Baali) editou Mago Puto (Baali) :: Mana de 100 para 10
[11/25 16:04:26] Mago Puto (Baali) editou Mago Puto (Baali) :: Mana de 14.15 para 60
[11/25 16:04:54] Mago Puto (Baali) editou Mago Puto (Baali) :: Mana de 64.15 para 100
[11/25 16:11:38] Mago Puto (Baali) editou Mago Puto (Baali) :: Mana de 100 para 1
[11/25 16:11:56] Mago Puto (Baali) editou Mago Puto (Baali) :: Mana de 3.49 para 60
[11/25 16:16:47] Mago Puto (Baali) editou Mago Puto (Baali) :: Mana de 100 para 10
[11/30 17:40:44] Habs de Guerreiro (Baali) editou Habs de Guerreiro (Baali) :: Hits de 225 para 100
[11/30 17:40:49] Habs de Guerreiro (Baali) editou Habs de Guerreiro (Baali) :: Stamina de 8.88 para 80
[11/30 17:42:41] Habs de Guerreiro (Baali) editou Habs de Guerreiro (Baali) :: Hits de 225 para 60
[11/30 18:20:32] Habs de Guerreiro (Baali) editou Habs de Guerreiro (Baali) :: Hits de 225 para 125
[11/30 18:21:02] Habs de Guerreiro (Baali) editou Habs de Guerreiro (Baali) :: Hits de 225 para 125
[11/30 18:40:44] Habs de Guerreiro (Baali) editou Habs de Guerreiro (Baali) :: Hits de 225 para 90
[02/15 13:05:11] acleh (Baali) editou acleh (Baali) :: SkillCap de 0 para 20
[02/15 13:19:48] necronomicon (Baali) editou necronomicon (Baali) :: SkillCap de 20 para 0
[02/15 13:21:49] necronomicon (Baali) editou necronomicon (Baali) :: SkillCap de 0 para 20
[02/15 13:32:21] nerconomic (Baali) editou nerconomic (Baali) :: SkillCap de 12 para 20
[02/15 15:15:04] neeee (Baali) editou neeee (Baali) :: SkillCap de 0 para 20
[02/17 12:14:41] Teste (Baali) editou Teste (Baali) :: SkillCap de 0 para 20
[02/17 12:16:13] Teste (Baali) editou Teste (Baali) :: SkillCap de 20 para 0
[02/17 12:16:32] Teste (Baali) editou Teste (Baali) :: SkillCap de 0 para 20
[02/17 13:13:13] Teste (Baali) editou Maol (error{ errortext = "Not attached to an account" }) :: Hits de 240.25 para 1000
[02/17 13:33:43] Teste (Baali) editou Maol (error{ errortext = "Not attached to an account" }) :: SkillCap de 0.96 para 20
[02/17 13:52:21] Teste (Baali) editou Teste (Baali) :: SkillCap de 20 para 19
[02/17 13:59:41] Teste (Baali) editou Teste (Baali) :: SkillCap de 20 para 10
[02/17 14:18:50] Teste (Baali) editou Teste (Baali) :: SkillCap de 20 para 10
[02/17 14:40:41] Teste (Baali) editou Teste (Baali) :: SkillCap de 4 para 15
[02/17 15:34:10] Teste (Baali) editou Teste (Baali) :: SkillCap de 15 para 20
[02/17 16:37:51] HAAAAAASA (Baali) editou HAAAAAASA (Baali) :: SkillCap de 0 para 20
[02/17 16:53:29] HAAAAAASA (Baali) editou HAAAAAASA (Baali) :: SkillCap de 0 para 20
